[0.010s] Invoking command in '/home/jaykumaran/Robotics/monocular_slam_vo_ros/ros2_ws/build/slam_ros2': CMAKE_PREFIX_PATH=${CMAKE_PREFIX_PATH}:/opt/ros/humble /usr/bin/cmake --build /home/jaykumaran/Robotics/monocular_slam_vo_ros/ros2_ws/build/slam_ros2 -- -j12 -l12
[0.091s] [ 28%] Built target video_publisher_node
[0.097s] [ 71%] Built target slam_core
[0.156s] [100%] Built target slam_node
[0.175s] Invoked command in '/home/jaykumaran/Robotics/monocular_slam_vo_ros/ros2_ws/build/slam_ros2' returned '0': CMAKE_PREFIX_PATH=${CMAKE_PREFIX_PATH}:/opt/ros/humble /usr/bin/cmake --build /home/jaykumaran/Robotics/monocular_slam_vo_ros/ros2_ws/build/slam_ros2 -- -j12 -l12
[0.192s] Invoking command in '/home/jaykumaran/Robotics/monocular_slam_vo_ros/ros2_ws/build/slam_ros2': CMAKE_PREFIX_PATH=${CMAKE_PREFIX_PATH}:/opt/ros/humble /usr/bin/cmake --install /home/jaykumaran/Robotics/monocular_slam_vo_ros/ros2_ws/build/slam_ros2
[0.204s] -- Install configuration: "Release"
[0.205s] -- Execute custom install script
[0.205s] -- Up-to-date symlink: /home/jaykumaran/Robotics/monocular_slam_vo_ros/ros2_ws/install/slam_ros2/lib/libslam_core.so
[0.205s] -- Up-to-date symlink: /home/jaykumaran/Robotics/monocular_slam_vo_ros/ros2_ws/install/slam_ros2//video_publisher_node
[0.206s] -- Up-to-date symlink: /home/jaykumaran/Robotics/monocular_slam_vo_ros/ros2_ws/install/slam_ros2//slam_node
[0.206s] -- Up-to-date symlink: /home/jaykumaran/Robotics/monocular_slam_vo_ros/ros2_ws/install/slam_ros2/include/slam_ros2/slam_processor.hpp
[0.206s] -- Up-to-date symlink: /home/jaykumaran/Robotics/monocular_slam_vo_ros/ros2_ws/install/slam_ros2/include/slam_ros2/types.hpp
[0.207s] -- Up-to-date symlink: /home/jaykumaran/Robotics/monocular_slam_vo_ros/ros2_ws/install/slam_ros2/share/slam_ros2/launch/slam.launch.py
[0.208s] -- Up-to-date symlink: /home/jaykumaran/Robotics/monocular_slam_vo_ros/ros2_ws/install/slam_ros2/share/slam_ros2/rviz/slam.rviz
[0.208s] -- Up-to-date symlink: /home/jaykumaran/Robotics/monocular_slam_vo_ros/ros2_ws/install/slam_ros2/share/ament_index/resource_index/package_run_dependencies/slam_ros2
[0.208s] -- Up-to-date symlink: /home/jaykumaran/Robotics/monocular_slam_vo_ros/ros2_ws/install/slam_ros2/share/ament_index/resource_index/parent_prefix_path/slam_ros2
[0.208s] -- Up-to-date symlink: /home/jaykumaran/Robotics/monocular_slam_vo_ros/ros2_ws/install/slam_ros2/share/slam_ros2/environment/ament_prefix_path.sh
[0.208s] -- Up-to-date symlink: /home/jaykumaran/Robotics/monocular_slam_vo_ros/ros2_ws/install/slam_ros2/share/slam_ros2/environment/ament_prefix_path.dsv
[0.208s] -- Up-to-date symlink: /home/jaykumaran/Robotics/monocular_slam_vo_ros/ros2_ws/install/slam_ros2/share/slam_ros2/environment/path.sh
[0.208s] -- Up-to-date symlink: /home/jaykumaran/Robotics/monocular_slam_vo_ros/ros2_ws/install/slam_ros2/share/slam_ros2/environment/path.dsv
[0.209s] -- Up-to-date symlink: /home/jaykumaran/Robotics/monocular_slam_vo_ros/ros2_ws/install/slam_ros2/share/slam_ros2/local_setup.bash
[0.209s] -- Up-to-date symlink: /home/jaykumaran/Robotics/monocular_slam_vo_ros/ros2_ws/install/slam_ros2/share/slam_ros2/local_setup.sh
[0.209s] -- Up-to-date symlink: /home/jaykumaran/Robotics/monocular_slam_vo_ros/ros2_ws/install/slam_ros2/share/slam_ros2/local_setup.zsh
[0.209s] -- Up-to-date symlink: /home/jaykumaran/Robotics/monocular_slam_vo_ros/ros2_ws/install/slam_ros2/share/slam_ros2/local_setup.dsv
[0.209s] -- Symlinking: /home/jaykumaran/Robotics/monocular_slam_vo_ros/ros2_ws/install/slam_ros2/share/slam_ros2/package.dsv
[0.219s] -- Up-to-date symlink: /home/jaykumaran/Robotics/monocular_slam_vo_ros/ros2_ws/install/slam_ros2/share/ament_index/resource_index/packages/slam_ros2
[0.219s] -- Up-to-date symlink: /home/jaykumaran/Robotics/monocular_slam_vo_ros/ros2_ws/install/slam_ros2/share/slam_ros2/cmake/slam_ros2Config.cmake
[0.220s] -- Up-to-date symlink: /home/jaykumaran/Robotics/monocular_slam_vo_ros/ros2_ws/install/slam_ros2/share/slam_ros2/cmake/slam_ros2Config-version.cmake
[0.220s] -- Up-to-date symlink: /home/jaykumaran/Robotics/monocular_slam_vo_ros/ros2_ws/install/slam_ros2/share/slam_ros2/package.xml
[0.224s] Invoked command in '/home/jaykumaran/Robotics/monocular_slam_vo_ros/ros2_ws/build/slam_ros2' returned '0': CMAKE_PREFIX_PATH=${CMAKE_PREFIX_PATH}:/opt/ros/humble /usr/bin/cmake --install /home/jaykumaran/Robotics/monocular_slam_vo_ros/ros2_ws/build/slam_ros2
