[0.017s] Invoking command in '/home/jaykumaran/Robotics/monocular_slam_vo_ros/ros2_ws/build/slam_ros2': CMAKE_PREFIX_PATH=${CMAKE_PREFIX_PATH}:/opt/ros/humble /usr/bin/cmake --build /home/jaykumaran/Robotics/monocular_slam_vo_ros/ros2_ws/build/slam_ros2 -- -j12 -l12
[0.127s] [ 42%] Built target slam_core
[0.129s] [ 71%] Built target video_publisher_node
[0.162s] [35m[1mConsolidate compiler generated dependencies of target slam_node[0m
[0.195s] [ 85%] [32mBuilding CXX object CMakeFiles/slam_node.dir/src/slam_node.cpp.o[0m
[16.465s] [100%] [32m[1mLinking CXX executable slam_node[0m
[17.042s] [100%] Built target slam_node
[17.057s] Invoked command in '/home/jaykumaran/Robotics/monocular_slam_vo_ros/ros2_ws/build/slam_ros2' returned '0': CMAKE_PREFIX_PATH=${CMAKE_PREFIX_PATH}:/opt/ros/humble /usr/bin/cmake --build /home/jaykumaran/Robotics/monocular_slam_vo_ros/ros2_ws/build/slam_ros2 -- -j12 -l12
[17.068s] Invoking command in '/home/jaykumaran/Robotics/monocular_slam_vo_ros/ros2_ws/build/slam_ros2': CMAKE_PREFIX_PATH=${CMAKE_PREFIX_PATH}:/opt/ros/humble /usr/bin/cmake --install /home/jaykumaran/Robotics/monocular_slam_vo_ros/ros2_ws/build/slam_ros2
[17.083s] -- Install configuration: "Release"
[17.084s] -- Execute custom install script
[17.084s] -- Up-to-date symlink: /home/jaykumaran/Robotics/monocular_slam_vo_ros/ros2_ws/install/slam_ros2/lib/libslam_core.so
[17.085s] -- Up-to-date symlink: /home/jaykumaran/Robotics/monocular_slam_vo_ros/ros2_ws/install/slam_ros2/lib/slam_ros2/video_publisher_node
[17.086s] -- Up-to-date symlink: /home/jaykumaran/Robotics/monocular_slam_vo_ros/ros2_ws/install/slam_ros2/lib/slam_ros2/slam_node
[17.087s] -- Up-to-date symlink: /home/jaykumaran/Robotics/monocular_slam_vo_ros/ros2_ws/install/slam_ros2/include/slam_ros2/slam_processor.hpp
[17.087s] -- Up-to-date symlink: /home/jaykumaran/Robotics/monocular_slam_vo_ros/ros2_ws/install/slam_ros2/include/slam_ros2/types.hpp
[17.088s] -- Up-to-date symlink: /home/jaykumaran/Robotics/monocular_slam_vo_ros/ros2_ws/install/slam_ros2/share/slam_ros2/launch/slam.launch.py
[17.088s] -- Up-to-date symlink: /home/jaykumaran/Robotics/monocular_slam_vo_ros/ros2_ws/install/slam_ros2/share/ament_index/resource_index/package_run_dependencies/slam_ros2
[17.088s] -- Up-to-date symlink: /home/jaykumaran/Robotics/monocular_slam_vo_ros/ros2_ws/install/slam_ros2/share/ament_index/resource_index/parent_prefix_path/slam_ros2
[17.088s] -- Up-to-date symlink: /home/jaykumaran/Robotics/monocular_slam_vo_ros/ros2_ws/install/slam_ros2/share/slam_ros2/environment/ament_prefix_path.sh
[17.088s] -- Up-to-date symlink: /home/jaykumaran/Robotics/monocular_slam_vo_ros/ros2_ws/install/slam_ros2/share/slam_ros2/environment/ament_prefix_path.dsv
[17.088s] -- Up-to-date symlink: /home/jaykumaran/Robotics/monocular_slam_vo_ros/ros2_ws/install/slam_ros2/share/slam_ros2/environment/path.sh
[17.088s] -- Up-to-date symlink: /home/jaykumaran/Robotics/monocular_slam_vo_ros/ros2_ws/install/slam_ros2/share/slam_ros2/environment/path.dsv
[17.088s] -- Up-to-date symlink: /home/jaykumaran/Robotics/monocular_slam_vo_ros/ros2_ws/install/slam_ros2/share/slam_ros2/local_setup.bash
[17.088s] -- Up-to-date symlink: /home/jaykumaran/Robotics/monocular_slam_vo_ros/ros2_ws/install/slam_ros2/share/slam_ros2/local_setup.sh
[17.089s] -- Up-to-date symlink: /home/jaykumaran/Robotics/monocular_slam_vo_ros/ros2_ws/install/slam_ros2/share/slam_ros2/local_setup.zsh
[17.089s] -- Up-to-date symlink: /home/jaykumaran/Robotics/monocular_slam_vo_ros/ros2_ws/install/slam_ros2/share/slam_ros2/local_setup.dsv
[17.089s] -- Symlinking: /home/jaykumaran/Robotics/monocular_slam_vo_ros/ros2_ws/install/slam_ros2/share/slam_ros2/package.dsv
[17.103s] -- Up-to-date symlink: /home/jaykumaran/Robotics/monocular_slam_vo_ros/ros2_ws/install/slam_ros2/share/ament_index/resource_index/packages/slam_ros2
[17.103s] -- Up-to-date symlink: /home/jaykumaran/Robotics/monocular_slam_vo_ros/ros2_ws/install/slam_ros2/share/slam_ros2/cmake/slam_ros2Config.cmake
[17.104s] -- Up-to-date symlink: /home/jaykumaran/Robotics/monocular_slam_vo_ros/ros2_ws/install/slam_ros2/share/slam_ros2/cmake/slam_ros2Config-version.cmake
[17.104s] -- Up-to-date symlink: /home/jaykumaran/Robotics/monocular_slam_vo_ros/ros2_ws/install/slam_ros2/share/slam_ros2/package.xml
[17.107s] Invoked command in '/home/jaykumaran/Robotics/monocular_slam_vo_ros/ros2_ws/build/slam_ros2' returned '0': CMAKE_PREFIX_PATH=${CMAKE_PREFIX_PATH}:/opt/ros/humble /usr/bin/cmake --install /home/jaykumaran/Robotics/monocular_slam_vo_ros/ros2_ws/build/slam_ros2
