[33mCMake Warning (dev) at /usr/share/cmake-3.22/Modules/FindOpenGL.cmake:315 (message):
  Policy CMP0072 is not set: FindOpenGL prefers GLVND by default when
  available.  Run "cmake --help-policy CMP0072" for policy details.  Use the
  cmake_policy command to set the policy and suppress this warning.

  FindOpenGL found both a legacy GL library:

    OPENGL_gl_LIBRARY: /usr/lib/x86_64-linux-gnu/libGL.so

  and GLVND libraries for OpenGL and GLX:

    OPENGL_opengl_LIBRARY: /usr/lib/x86_64-linux-gnu/libOpenGL.so
    OPENGL_glx_LIBRARY: /usr/lib/x86_64-linux-gnu/libGLX.so

  OpenGL_GL_PREFERENCE has not been set to "GLVND" or "LEGACY", so for
  compatibility with CMake 3.10 and below the legacy GL library will be used.
Call Stack (most recent call first):
  /usr/share/cmake-3.22/Modules/CMakeFindDependencyMacro.cmake:47 (find_package)
  /opt/ros/humble/lib/cmake/g2o/g2oConfig.cmake:4 (find_dependency)
  CMakeLists.txt:30 (find_package)
This warning is for project developers.  Use -Wno-dev to suppress it.
[0m
[01m[K/home/jaykumaran/Robotics/monocular_slam_vo_ros/ros2_ws/src/slam_ros2/src/map.cpp:8:[m[K [01;35m[Kwarning: [m[K"G2O_USE_VENDORED_CERES" redefined
    8 | #define G2O_USE_VENDORED_CERES
      | 
[01m[K<command-line>:[m[K [01;36m[Knote: [m[Kthis is the location of the previous definition
