[0.009s] Invoking command in '/home/jaykumaran/Robotics/monocular_slam_vo_ros/ros2_ws/build/slam_ros2': CMAKE_PREFIX_PATH=${CMAKE_PREFIX_PATH}:/opt/ros/humble /usr/bin/cmake --build /home/jaykumaran/Robotics/monocular_slam_vo_ros/ros2_ws/build/slam_ros2 -- -j12 -l12
[0.042s] [35m[1mConsolidate compiler generated dependencies of target video_publisher_node[0m
[0.042s] [35m[1mConsolidate compiler generated dependencies of target slam_core[0m
[0.057s] [ 14%] [32mBuilding CXX object CMakeFiles/slam_core.dir/src/map.cpp.o[0m
[0.060s] [ 42%] Built target video_publisher_node
[9.331s] [ 57%] [32m[1mLinking CXX shared library libslam_core.so[0m
[9.469s] [ 71%] Built target slam_core
[9.478s] [35m[1mConsolidate compiler generated dependencies of target slam_node[0m
[9.495s] [ 85%] [32m[1mLinking CXX executable slam_node[0m
[9.879s] [100%] Built target slam_node
[9.888s] Invoked command in '/home/jaykumaran/Robotics/monocular_slam_vo_ros/ros2_ws/build/slam_ros2' returned '0': CMAKE_PREFIX_PATH=${CMAKE_PREFIX_PATH}:/opt/ros/humble /usr/bin/cmake --build /home/jaykumaran/Robotics/monocular_slam_vo_ros/ros2_ws/build/slam_ros2 -- -j12 -l12
[9.896s] Invoking command in '/home/jaykumaran/Robotics/monocular_slam_vo_ros/ros2_ws/build/slam_ros2': CMAKE_PREFIX_PATH=${CMAKE_PREFIX_PATH}:/opt/ros/humble /usr/bin/cmake --install /home/jaykumaran/Robotics/monocular_slam_vo_ros/ros2_ws/build/slam_ros2
[9.902s] -- Install configuration: "Release"
[9.902s] -- Execute custom install script
[9.903s] -- Up-to-date symlink: /home/jaykumaran/Robotics/monocular_slam_vo_ros/ros2_ws/install/slam_ros2/lib/libslam_core.so
[9.903s] -- Up-to-date symlink: /home/jaykumaran/Robotics/monocular_slam_vo_ros/ros2_ws/install/slam_ros2/lib/slam_ros2/video_publisher_node
[9.903s] -- Up-to-date symlink: /home/jaykumaran/Robotics/monocular_slam_vo_ros/ros2_ws/install/slam_ros2/lib/slam_ros2/slam_node
[9.903s] -- Up-to-date symlink: /home/jaykumaran/Robotics/monocular_slam_vo_ros/ros2_ws/install/slam_ros2/include/slam_ros2/slam_processor.hpp
[9.903s] -- Up-to-date symlink: /home/jaykumaran/Robotics/monocular_slam_vo_ros/ros2_ws/install/slam_ros2/include/slam_ros2/types.hpp
[9.904s] -- Up-to-date symlink: /home/jaykumaran/Robotics/monocular_slam_vo_ros/ros2_ws/install/slam_ros2/share/slam_ros2/launch/slam.launch.py
[9.904s] -- Up-to-date symlink: /home/jaykumaran/Robotics/monocular_slam_vo_ros/ros2_ws/install/slam_ros2/share/ament_index/resource_index/package_run_dependencies/slam_ros2
[9.904s] -- Up-to-date symlink: /home/jaykumaran/Robotics/monocular_slam_vo_ros/ros2_ws/install/slam_ros2/share/ament_index/resource_index/parent_prefix_path/slam_ros2
[9.904s] -- Up-to-date symlink: /home/jaykumaran/Robotics/monocular_slam_vo_ros/ros2_ws/install/slam_ros2/share/slam_ros2/environment/ament_prefix_path.sh
[9.904s] -- Up-to-date symlink: /home/jaykumaran/Robotics/monocular_slam_vo_ros/ros2_ws/install/slam_ros2/share/slam_ros2/environment/ament_prefix_path.dsv
[9.904s] -- Up-to-date symlink: /home/jaykumaran/Robotics/monocular_slam_vo_ros/ros2_ws/install/slam_ros2/share/slam_ros2/environment/path.sh
[9.904s] -- Up-to-date symlink: /home/jaykumaran/Robotics/monocular_slam_vo_ros/ros2_ws/install/slam_ros2/share/slam_ros2/environment/path.dsv
[9.904s] -- Up-to-date symlink: /home/jaykumaran/Robotics/monocular_slam_vo_ros/ros2_ws/install/slam_ros2/share/slam_ros2/local_setup.bash
[9.904s] -- Up-to-date symlink: /home/jaykumaran/Robotics/monocular_slam_vo_ros/ros2_ws/install/slam_ros2/share/slam_ros2/local_setup.sh
[9.905s] -- Up-to-date symlink: /home/jaykumaran/Robotics/monocular_slam_vo_ros/ros2_ws/install/slam_ros2/share/slam_ros2/local_setup.zsh
[9.905s] -- Up-to-date symlink: /home/jaykumaran/Robotics/monocular_slam_vo_ros/ros2_ws/install/slam_ros2/share/slam_ros2/local_setup.dsv
[9.905s] -- Symlinking: /home/jaykumaran/Robotics/monocular_slam_vo_ros/ros2_ws/install/slam_ros2/share/slam_ros2/package.dsv
[9.911s] -- Up-to-date symlink: /home/jaykumaran/Robotics/monocular_slam_vo_ros/ros2_ws/install/slam_ros2/share/ament_index/resource_index/packages/slam_ros2
[9.911s] -- Up-to-date symlink: /home/jaykumaran/Robotics/monocular_slam_vo_ros/ros2_ws/install/slam_ros2/share/slam_ros2/cmake/slam_ros2Config.cmake
[9.911s] -- Up-to-date symlink: /home/jaykumaran/Robotics/monocular_slam_vo_ros/ros2_ws/install/slam_ros2/share/slam_ros2/cmake/slam_ros2Config-version.cmake
[9.911s] -- Up-to-date symlink: /home/jaykumaran/Robotics/monocular_slam_vo_ros/ros2_ws/install/slam_ros2/share/slam_ros2/package.xml
[9.913s] Invoked command in '/home/jaykumaran/Robotics/monocular_slam_vo_ros/ros2_ws/build/slam_ros2' returned '0': CMAKE_PREFIX_PATH=${CMAKE_PREFIX_PATH}:/opt/ros/humble /usr/bin/cmake --install /home/jaykumaran/Robotics/monocular_slam_vo_ros/ros2_ws/build/slam_ros2
